# JRE version: OpenJDK Runtime Environment (11.0.2+9) (build 11.0.2+9)
# Java VM: OpenJDK 64-Bit Server VM (11.0.2+9, mixed mode, tiered, compressed oops, g1 gc, windows-amd64)
Heap:
 garbage-first heap   total 273408K, used 212522K [0x0000000080000000, 0x0000000100000000)
  region size 1024K, 6 young (6144K), 3 survivors (3072K)
 Metaspace       used 117357K, capacity 123413K, committed 123776K, reserved 622592K
  class space    used 15227K, capacity 17426K, committed 17536K, reserved 516096K
GC Heap History (10 events):
Event: 122.240 GC heap before
{Heap before GC invocations=106 (full 0):
 garbage-first heap   total 273408K, used 222522K [0x0000000080000000, 0x0000000100000000)
  region size 1024K, 35 young (35840K), 4 survivors (4096K)
 Metaspace       used 113303K, capacity 119105K, committed 119296K, reserved 618496K
  class space    used 14797K, capacity 16876K, committed 16896K, reserved 516096K
}
Event: 122.253 GC heap after
{Heap after GC invocations=107 (full 0):
 garbage-first heap   total 273408K, used 194333K [0x0000000080000000, 0x0000000100000000)
  region size 1024K, 4 young (4096K), 4 survivors (4096K)
 Metaspace       used 113303K, capacity 119105K, committed 119296K, reserved 618496K
  class space    used 14797K, capacity 16876K, committed 16896K, reserved 516096K
}
Event: 122.650 GC heap before
{Heap before GC invocations=107 (full 0):
 garbage-first heap   total 273408K, used 226077K [0x0000000080000000, 0x0000000100000000)
  region size 1024K, 35 young (35840K), 4 survivors (4096K)
 Metaspace       used 114191K, capacity 120030K, committed 120320K, reserved 620544K
  class space    used 14935K, capacity 17031K, committed 17152K, reserved 516096K
}
Event: 122.662 GC heap after
{Heap after GC invocations=108 (full 0):
 garbage-first heap   total 273408K, used 198310K [0x0000000080000000, 0x0000000100000000)
  region size 1024K, 4 young (4096K), 4 survivors (4096K)
 Metaspace       used 114191K, capacity 120030K, committed 120320K, reserved 620544K
  class space    used 14935K, capacity 17031K, committed 17152K, reserved 516096K
}
Event: 122.887 GC heap before
{Heap before GC invocations=108 (full 0):
 garbage-first heap   total 273408K, used 229030K [0x0000000080000000, 0x0000000100000000)
  region size 1024K, 34 young (34816K), 4 survivors (4096K)
 Metaspace       used 114360K, capacity 120282K, committed 120576K, reserved 620544K
  class space    used 14954K, capacity 17070K, committed 17152K, reserved 516096K
}
Event: 122.898 GC heap after
{Heap after GC invocations=109 (full 0):
 garbage-first heap   total 273408K, used 200153K [0x0000000080000000, 0x0000000100000000)
  region size 1024K, 2 young (2048K), 2 survivors (2048K)
 Metaspace       used 114360K, capacity 120282K, committed 120576K, reserved 620544K
  class space    used 14954K, capacity 17070K, committed 17152K, reserved 516096K
}
Event: 123.677 GC heap before
{Heap before GC invocations=110 (full 0):
 garbage-first heap   total 273408K, used 229849K [0x0000000080000000, 0x0000000100000000)
  region size 1024K, 32 young (32768K), 2 survivors (2048K)
 Metaspace       used 116411K, capacity 122383K, committed 122496K, reserved 622592K
  class space    used 15116K, capacity 17246K, committed 17280K, reserved 516096K
}
Event: 123.687 GC heap after
{Heap after GC invocations=111 (full 0):
 garbage-first heap   total 273408K, used 204294K [0x0000000080000000, 0x0000000100000000)
  region size 1024K, 4 young (4096K), 4 survivors (4096K)
 Metaspace       used 116411K, capacity 122383K, committed 122496K, reserved 622592K
  class space    used 15116K, capacity 17246K, committed 17280K, reserved 516096K
}
Event: 124.917 GC heap before
{Heap before GC invocations=111 (full 0):
 garbage-first heap   total 273408K, used 231942K [0x0000000080000000, 0x0000000100000000)
  region size 1024K, 32 young (32768K), 4 survivors (4096K)
 Metaspace       used 117221K, capacity 123271K, committed 123520K, reserved 622592K
  class space    used 15227K, capacity 17426K, committed 17536K, reserved 516096K
}
Event: 124.933 GC heap after
{Heap after GC invocations=112 (full 0):
 garbage-first heap   total 273408K, used 207971K [0x0000000080000000, 0x0000000100000000)
  region size 1024K, 4 young (4096K), 4 survivors (4096K)
 Metaspace       used 117221K, capacity 123271K, committed 123520K, reserved 622592K
  class space    used 15227K, capacity 17426K, committed 17536K, reserved 516096K
}

