# JRE version: OpenJDK Runtime Environment (11.0.2+9) (build 11.0.2+9)
# Java VM: OpenJDK 64-Bit Server VM (11.0.2+9, mixed mode, tiered, compressed oops, g1 gc, windows-amd64)
Heap:
 garbage-first heap   total 324608K, used 207125K [0x0000000080000000, 0x0000000100000000)
  region size 1024K, 3 young (3072K), 3 survivors (3072K)
 Metaspace       used 117055K, capacity 123055K, committed 123392K, reserved 622592K
  class space    used 15173K, capacity 17310K, committed 17408K, reserved 516096K
GC Heap History (10 events):
Event: 144.000 GC heap after
{Heap after GC invocations=121 (full 0):
 garbage-first heap   total 225280K, used 196586K [0x0000000080000000, 0x0000000100000000)
  region size 1024K, 2 young (2048K), 2 survivors (2048K)
 Metaspace       used 114308K, capacity 120181K, committed 120320K, reserved 620544K
  class space    used 14943K, capacity 17040K, committed 17152K, reserved 516096K
}
Event: 144.012 GC heap before
{Heap before GC invocations=121 (full 0):
 garbage-first heap   total 225280K, used 204778K [0x0000000080000000, 0x0000000100000000)
  region size 1024K, 11 young (11264K), 2 survivors (2048K)
 Metaspace       used 114308K, capacity 120181K, committed 120320K, reserved 620544K
  class space    used 14943K, capacity 17040K, committed 17152K, reserved 516096K
}
Event: 144.021 GC heap after
{Heap after GC invocations=122 (full 0):
 garbage-first heap   total 270336K, used 197103K [0x0000000080000000, 0x0000000100000000)
  region size 1024K, 1 young (1024K), 1 survivors (1024K)
 Metaspace       used 114308K, capacity 120181K, committed 120320K, reserved 620544K
  class space    used 14943K, capacity 17040K, committed 17152K, reserved 516096K
}
Event: 144.342 GC heap before
{Heap before GC invocations=123 (full 0):
 garbage-first heap   total 270336K, used 219631K [0x0000000080000000, 0x0000000100000000)
  region size 1024K, 23 young (23552K), 1 survivors (1024K)
 Metaspace       used 114454K, capacity 120413K, committed 120576K, reserved 620544K
  class space    used 14954K, capacity 17074K, committed 17152K, reserved 516096K
}
Event: 144.348 GC heap after
{Heap after GC invocations=124 (full 0):
 garbage-first heap   total 270336K, used 198303K [0x0000000080000000, 0x0000000100000000)
  region size 1024K, 2 young (2048K), 2 survivors (2048K)
 Metaspace       used 114454K, capacity 120413K, committed 120576K, reserved 620544K
  class space    used 14954K, capacity 17074K, committed 17152K, reserved 516096K
}
Event: 144.918 GC heap before
{Heap before GC invocations=124 (full 0):
 garbage-first heap   total 270336K, used 221855K [0x0000000080000000, 0x0000000100000000)
  region size 1024K, 26 young (26624K), 2 survivors (2048K)
 Metaspace       used 116400K, capacity 122290K, committed 122496K, reserved 622592K
  class space    used 15110K, capacity 17243K, committed 17280K, reserved 516096K
}
Event: 144.928 GC heap after
{Heap after GC invocations=125 (full 0):
 garbage-first heap   total 270336K, used 201434K [0x0000000080000000, 0x0000000100000000)
  region size 1024K, 4 young (4096K), 4 survivors (4096K)
 Metaspace       used 116400K, capacity 122290K, committed 122496K, reserved 622592K
  class space    used 15110K, capacity 17243K, committed 17280K, reserved 516096K
}
Event: 146.462 GC heap before
{Heap before GC invocations=126 (full 0):
 garbage-first heap   total 270336K, used 224986K [0x0000000080000000, 0x0000000100000000)
  region size 1024K, 28 young (28672K), 4 survivors (4096K)
 Metaspace       used 116952K, capacity 122915K, committed 123136K, reserved 622592K
  class space    used 15173K, capacity 17310K, committed 17408K, reserved 516096K
}
Event: 146.481 GC heap after
{Heap after GC invocations=127 (full 0):
 garbage-first heap   total 270336K, used 204867K [0x0000000080000000, 0x0000000100000000)
  region size 1024K, 4 young (4096K), 4 survivors (4096K)
 Metaspace       used 116952K, capacity 122915K, committed 123136K, reserved 622592K
  class space    used 15173K, capacity 17310K, committed 17408K, reserved 516096K
}
Event: 147.536 GC heap before
{Heap before GC invocations=127 (full 0):
 garbage-first heap   total 270336K, used 227395K [0x0000000080000000, 0x0000000100000000)
  region size 1024K, 27 young (27648K), 4 survivors (4096K)
 Metaspace       used 117055K, capacity 123055K, committed 123392K, reserved 622592K
  class space    used 15173K, capacity 17310K, committed 17408K, reserved 516096K
}

